Build started 12/7/2015 5:32:03 PM.
     1>Project "C:\Users\Nicholas\Documents\GitHub\Data_Structures\DataStructuresProject\DataStructuresProject\DataStructuresProject.vcxproj" on node 2 (Build target(s)).
     1>ClCompile:
         C:\Program Files (x86)\Microsoft Visual Studio 14.0\VC\bin\CL.exe /c /Zi /nologo /W3 /WX- /sdl /O2 /Oi /Oy- /GL /D WIN32 /D NDEBUG /D _CONSOLE /D _UNICODE /D UNICODE /Gm- /EHsc /MD /GS /Gy /fp:precise /Zc:wchar_t /Zc:forScope /Zc:inline /Fo"Release\\" /Fd"Release\vc140.pdb" /Gd /TP /analyze- /errorReport:prompt Data.cpp Exoplanet.cpp Exosystem.cpp main.cpp
         Data.cpp
         Exoplanet.cpp
         Exosystem.cpp
         main.cpp
       Link:
         C:\Program Files (x86)\Microsoft Visual Studio 14.0\VC\bin\link.exe /ERRORREPORT:PROMPT /OUT:"C:\Users\Nicholas\Documents\GitHub\Data_Structures\DataStructuresProject\Release\DataStructuresProject.exe" /INCREMENTAL:NO /NOLOGO kernel32.lib user32.lib gdi32.lib winspool.lib comdlg32.lib advapi32.lib shell32.lib ole32.lib oleaut32.lib uuid.lib odbc32.lib odbccp32.lib /MANIFEST /MANIFESTUAC:"level='asInvoker' uiAccess='false'" /manifest:embed /Debug /PDB:"C:\Users\Nicholas\Documents\GitHub\Data_Structures\DataStructuresProject\Release\DataStructuresProject.pdb" /SUBSYSTEM:CONSOLE /OPT:REF /OPT:ICF /LTCG:incremental /TLBID:1 /DYNAMICBASE /NXCOMPAT /IMPLIB:"C:\Users\Nicholas\Documents\GitHub\Data_Structures\DataStructuresProject\Release\DataStructuresProject.lib" /MACHINE:X86 /SAFESEH Release\Data.obj
         Release\Exoplanet.obj
         Release\Exosystem.obj
         Release\main.obj
         Generating code
         All 214 functions were compiled because no usable IPDB/IOBJ from previous compilation was found.
         Finished generating code
         DataStructuresProject.vcxproj -> C:\Users\Nicholas\Documents\GitHub\Data_Structures\DataStructuresProject\Release\DataStructuresProject.exe
     1>Done Building Project "C:\Users\Nicholas\Documents\GitHub\Data_Structures\DataStructuresProject\DataStructuresProject\DataStructuresProject.vcxproj" (Build target(s)).

Build succeeded.

Time Elapsed 00:00:14.63
